<?xml version="1.0" encoding="UTF-8"?>
<!-- Generated by org.testng.reporters.JUnitXMLReporter -->
<testsuite hostname="LAPTOP-CFNPKNA7" ignored="0" name="Default test" tests="3" failures="0" timestamp="2020-03-30T16:53:49 IST" time="0.069" errors="0">
  <testcase name="login" time="0.01" classname="com.java.mavnePrac.demoTest$App"/>
  <testcase name="Bookflight" time="0.002" classname="com.java.mavnePrac.demoTest$App"/>
  <testcase name="search" time="0.001" classname="com.java.mavnePrac.demoTest$App"/>
</testsuite> <!-- Default test -->
