<?xml version="1.0" encoding="UTF-8"?>
<!-- Generated by org.testng.reporters.JUnitXMLReporter -->
<testsuite hostname="LAPTOP-CFNPKNA7" ignored="0" name="Surefire test" tests="5" failures="0" timestamp="2020-03-31T17:37:09 IST" time="0.031" errors="0">
  <testcase name="onlineamazon" time="0.0" classname="com.java.mavnePrac.applicationTest"/>
  <testcase name="onlineflipkart" time="0.0" classname="com.java.mavnePrac.applicationTest"/>
  <testcase name="shoppingbigbazar" time="0.0" classname="com.java.mavnePrac.applicationTest"/>
  <testcase name="shoppingdemart" time="0.0" classname="com.java.mavnePrac.applicationTest"/>
  <testcase name="shoppingmore" time="0.0" classname="com.java.mavnePrac.applicationTest"/>
</testsuite> <!-- Surefire test -->
