<?xml version="1.0" encoding="UTF-8"?>
<testng-results skipped="0" failed="0" ignored="0" total="3" passed="3">
  <reporter-output>
  </reporter-output>
  <suite name="Default suite" duration-ms="69" started-at="2020-03-30T16:53:49 IST" finished-at="2020-03-30T16:53:49 IST">
    <groups>
    </groups>
    <test name="Default test" duration-ms="69" started-at="2020-03-30T16:53:49 IST" finished-at="2020-03-30T16:53:49 IST">
      <class name="com.java.mavnePrac.demoTest$App">
        <test-method status="PASS" signature="login()[pri:0, instance:com.java.mavnePrac.demoTest$App@32709393]" name="login" duration-ms="10" started-at="2020-03-30T16:53:49 IST" finished-at="2020-03-30T16:53:49 IST">
          <reporter-output>
          </reporter-output>
        </test-method> <!-- login -->
        <test-method status="PASS" signature="Bookflight()[pri:1, instance:com.java.mavnePrac.demoTest$App@32709393]" name="Bookflight" duration-ms="2" started-at="2020-03-30T16:53:49 IST" finished-at="2020-03-30T16:53:49 IST">
          <reporter-output>
          </reporter-output>
        </test-method> <!-- Bookflight -->
        <test-method status="PASS" signature="search()[pri:2, instance:com.java.mavnePrac.demoTest$App@32709393]" name="search" duration-ms="1" started-at="2020-03-30T16:53:49 IST" finished-at="2020-03-30T16:53:49 IST">
          <reporter-output>
          </reporter-output>
        </test-method> <!-- search -->
      </class> <!-- com.java.mavnePrac.demoTest$App -->
    </test> <!-- Default test -->
  </suite> <!-- Default suite -->
</testng-results>
