<?xml version="1.0" encoding="UTF-8"?>
<!-- Generated by org.testng.reporters.JUnitXMLReporter -->
<testsuite hostname="LAPTOP-CFNPKNA7" ignored="0" name="Default test" tests="3" failures="0" timestamp="30 Mar 2020 12:50:50 GMT" time="0.033" errors="0">
  <testcase name="login" time="0.007" classname="com.java.mavnePrac.demoTest"/>
  <testcase name="Bookflight" time="0.001" classname="com.java.mavnePrac.demoTest"/>
  <testcase name="search" time="0.001" classname="com.java.mavnePrac.demoTest"/>
</testsuite> <!-- Default test -->
