<?xml version="1.0" encoding="UTF-8"?>
<!-- Generated by org.testng.reporters.JUnitXMLReporter -->
<testsuite hostname="LAPTOP-CFNPKNA7" ignored="0" name="Test" tests="8" failures="0" timestamp="28 Mar 2020 06:37:38 GMT" time="0.04" errors="0">
  <testcase name="onlineamazon" time="0.005" classname="com.java.mavnePrac.applicationTest"/>
  <testcase name="onlineflipkart" time="0.001" classname="com.java.mavnePrac.applicationTest"/>
  <testcase name="shoppingbigbazar" time="0.001" classname="com.java.mavnePrac.applicationTest"/>
  <testcase name="shoppingdemart" time="0.001" classname="com.java.mavnePrac.applicationTest"/>
  <testcase name="shoppingmore" time="0.001" classname="com.java.mavnePrac.applicationTest"/>
  <testcase name="login" time="0.0" classname="com.java.mavnePrac.demoTest$App"/>
  <testcase name="Bookflight" time="0.001" classname="com.java.mavnePrac.demoTest$App"/>
  <testcase name="search" time="0.001" classname="com.java.mavnePrac.demoTest$App"/>
</testsuite> <!-- Test -->
